2025/03/29 16:51:09 --- ImageFinder Debug Log Started at 2025-03-29T16:51:09+01:00 ---
2025/03/29 16:51:22 --- ImageFinder Debug Log Started at 2025-03-29T16:51:22+01:00 ---
2025/04/01 00:02:28 --- ImageFinder Debug Log Started at 2025-04-01T00:02:28+02:00 ---
2025/04/01 00:02:28 INFO: Registered specialized CR3ExiftoolLoader
2025/04/01 00:02:28 Starting image scan on folder: ./test_images
2025/04/01 00:02:28 Force rewrite: false, Source prefix: 
2025/04/01 00:02:28 Found 0 image files to process (0 RAW files, 0 TIF files)
2025/04/01 00:02:28 Starting walkAndProcessFiles - folder: ./test_images, debug: true, semaphore capacity: 7
2025/04/01 00:02:28 INFO: Registered specialized CR3ExiftoolLoader
2025/04/01 00:02:28 Image processor created
2025/04/01 00:02:28 INFO: Registered specialized CR3ExiftoolLoader
2025/04/01 00:02:28 Image loader registry created
2025/04/01 00:02:28 Created results buffer with size: 1000
2025/04/01 00:02:28 Starting directory scan to collect files: ./test_images
2025/04/01 00:02:28 Directory scan completed in 17.333µs, found 0 files to process
2025/04/01 00:02:28 Processing 0 files in chunks of 100
2025/04/01 00:02:28 All file processors completed
2025/04/01 00:02:28 Signaling result forwarder to stop
2025/04/01 00:02:28 Closing results buffer
2025/04/01 00:02:28 Waiting for result forwarder to complete
2025/04/01 00:02:28 Result forwarder goroutine started
2025/04/01 00:02:28 Results buffer channel closed, exiting forwarder
2025/04/01 00:02:28 Result forwarder finished. Forwarded: 0, Timeouts: 0
2025/04/01 00:02:28 Result forwarder goroutine completed
2025/04/01 00:02:28 Result forwarder completed normally
2025/04/01 00:02:28 Walk completed with stats:
  Files: Found=0, Processed=0, Skipped=0, Errors=0
  Types: RAW=0, TIF=0
  Results: Sent=0, Forwarded=0, Timeouts=0, Dropped=0
  Semaphore: Acquired=0, Released=0, Diff=0, Timeouts=0, Abandonments=0
2025/04/01 00:02:29 Scan completed in 101.286542ms. Processed: 0, Errors: 0, RAW files: 0, RAW errors: 0, TIF files: 0, TIF errors: 0
2025/04/01 00:05:50 --- ImageFinder Debug Log Started at 2025-04-01T00:05:50+02:00 ---
2025/04/01 00:05:50 INFO: Registered specialized CR3ExiftoolLoader
2025/04/01 00:05:50 Starting image scan on folder: ./test_images
2025/04/01 00:05:50 Force rewrite: false, Source prefix: 
2025/04/01 00:05:50 Found 0 image files to process (0 RAW files, 0 TIF files)
2025/04/01 00:05:50 Starting walkAndProcessFiles - folder: ./test_images, debug: true, semaphore capacity: 7
2025/04/01 00:05:50 INFO: Registered specialized CR3ExiftoolLoader
2025/04/01 00:05:50 Image processor created
2025/04/01 00:05:50 INFO: Registered specialized CR3ExiftoolLoader
2025/04/01 00:05:50 Image loader registry created
2025/04/01 00:05:50 Created results buffer with size: 1000
2025/04/01 00:05:50 Starting directory scan to collect files: ./test_images
2025/04/01 00:05:50 Directory scan completed in 16.917µs, found 0 files to process
2025/04/01 00:05:50 Processing 0 files in chunks of 100
2025/04/01 00:05:50 All file processors completed
2025/04/01 00:05:50 Signaling result forwarder to stop
2025/04/01 00:05:50 Closing results buffer
2025/04/01 00:05:50 Waiting for result forwarder to complete
2025/04/01 00:05:50 Result forwarder goroutine started
2025/04/01 00:05:50 Received stop signal in forwarder
2025/04/01 00:05:50 Result forwarder finished. Forwarded: 0, Timeouts: 0
2025/04/01 00:05:50 Result forwarder goroutine completed
2025/04/01 00:05:50 Result forwarder completed normally
2025/04/01 00:05:50 Walk completed with stats:
  Files: Found=0, Processed=0, Skipped=0, Errors=0
  Types: RAW=0, TIF=0
  Results: Sent=0, Forwarded=0, Timeouts=0, Dropped=0
  Semaphore: Acquired=0, Released=0, Diff=0, Timeouts=0, Abandonments=0
2025/04/01 00:05:50 Scan completed in 101.260959ms. Processed: 0, Errors: 0, RAW files: 0, RAW errors: 0, TIF files: 0, TIF errors: 0
